Mon May 08 2017 18:26:34 GMT+0800 (China Standard Time) | /admin/book/test3 | {} | RangeError: Invalid status code: 11
    at ServerResponse.writeHead (_http_server.js:192:11)
    at ServerResponse.writeHead (C:\Users\IBM_ADMIN\Desktop\digitallibrary-master\node_modules\._on-headers@1.0.1@on-headers\index.js:55:19)
    at ServerResponse.writeHead (C:\Users\IBM_ADMIN\Desktop\digitallibrary-master\node_modules\._on-headers@1.0.1@on-headers\index.js:55:19)
    at ServerResponse._implicitHeader (_http_server.js:157:8)
    at ServerResponse.OutgoingMessage.end (_http_outgoing.js:571:10)
    at writeend (C:\Users\IBM_ADMIN\Desktop\digitallibrary-master\node_modules\._express-session@1.15.2@express-session\index.js:261:22)
    at Immediate.onsave (C:\Users\IBM_ADMIN\Desktop\digitallibrary-master\node_modules\._express-session@1.15.2@express-session\index.js:335:11)
    at runCallback (timers.js:651:20)
    at tryOnImmediate (timers.js:624:5)
    at processImmediate [as _immediateCallback] (timers.js:596:5)
Mon May 08 2017 18:26:53 GMT+0800 (China Standard Time) | /admin/book/test3 | {} | RangeError: Invalid status code: 11
    at ServerResponse.writeHead (_http_server.js:192:11)
    at ServerResponse.writeHead (C:\Users\IBM_ADMIN\Desktop\digitallibrary-master\node_modules\._on-headers@1.0.1@on-headers\index.js:55:19)
    at ServerResponse.writeHead (C:\Users\IBM_ADMIN\Desktop\digitallibrary-master\node_modules\._on-headers@1.0.1@on-headers\index.js:55:19)
    at ServerResponse._implicitHeader (_http_server.js:157:8)
    at ServerResponse.OutgoingMessage.end (_http_outgoing.js:571:10)
    at writeend (C:\Users\IBM_ADMIN\Desktop\digitallibrary-master\node_modules\._express-session@1.15.2@express-session\index.js:261:22)
    at Immediate.onsave (C:\Users\IBM_ADMIN\Desktop\digitallibrary-master\node_modules\._express-session@1.15.2@express-session\index.js:335:11)
    at runCallback (timers.js:651:20)
    at tryOnImmediate (timers.js:624:5)
    at processImmediate [as _immediateCallback] (timers.js:596:5)
Tue May 09 2017 20:46:32 GMT+0800 (China Standard Time) | /book/9787302295419/borrow | {"intrID":"zcdl@cn.ibm.com"} | ReferenceError: applyTime is not defined
    at C:\Users\IBM_ADMIN\Desktop\digitallibrary-masterPRO\routes\borrowBook.js:58:34
    at Request._callback (C:\Users\IBM_ADMIN\Desktop\digitallibrary-masterPRO\node_modules\._nano@6.2.0@nano\lib\nano.js:217:16)
    at Request.self.callback (C:\Users\IBM_ADMIN\Desktop\digitallibrary-masterPRO\node_modules\._request@2.81.0@request\request.js:188:22)
    at emitTwo (events.js:106:13)
    at Request.emit (events.js:191:7)
    at Request.<anonymous> (C:\Users\IBM_ADMIN\Desktop\digitallibrary-masterPRO\node_modules\._request@2.81.0@request\request.js:1171:10)
    at emitOne (events.js:96:13)
    at Request.emit (events.js:188:7)
    at IncomingMessage.<anonymous> (C:\Users\IBM_ADMIN\Desktop\digitallibrary-masterPRO\node_modules\._request@2.81.0@request\request.js:1091:12)
    at IncomingMessage.g (events.js:291:16)
    at emitNone (events.js:91:20)
    at IncomingMessage.emit (events.js:185:7)
    at endReadableNT (_stream_readable.js:974:12)
    at _combinedTickCallback (internal/process/next_tick.js:74:11)
    at process._tickDomainCallback (internal/process/next_tick.js:122:9)
Tue May 09 2017 22:53:31 GMT+0800 (China Standard Time) | /admin/events | {} | TypeError: Cannot read property 'applyTime' of undefined
    at C:\Users\IBM_ADMIN\Desktop\digitallibrary-masterPRO\routes\borrowBook.js:88:51
    at Request._callback (C:\Users\IBM_ADMIN\Desktop\digitallibrary-masterPRO\node_modules\._nano@6.2.0@nano\lib\nano.js:217:16)
    at Request.self.callback (C:\Users\IBM_ADMIN\Desktop\digitallibrary-masterPRO\node_modules\._request@2.81.0@request\request.js:188:22)
    at emitTwo (events.js:106:13)
    at Request.emit (events.js:191:7)
    at Request.<anonymous> (C:\Users\IBM_ADMIN\Desktop\digitallibrary-masterPRO\node_modules\._request@2.81.0@request\request.js:1171:10)
    at emitOne (events.js:96:13)
    at Request.emit (events.js:188:7)
    at IncomingMessage.<anonymous> (C:\Users\IBM_ADMIN\Desktop\digitallibrary-masterPRO\node_modules\._request@2.81.0@request\request.js:1091:12)
    at IncomingMessage.g (events.js:291:16)
    at emitNone (events.js:91:20)
    at IncomingMessage.emit (events.js:185:7)
    at endReadableNT (_stream_readable.js:974:12)
    at _combinedTickCallback (internal/process/next_tick.js:74:11)
    at process._tickDomainCallback (internal/process/next_tick.js:122:9)
Tue May 09 2017 22:55:13 GMT+0800 (China Standard Time) | /admin/events | {} | TypeError: Cannot read property 'data' of undefined
    at C:\Users\IBM_ADMIN\Desktop\digitallibrary-masterPRO\routes\borrowBook.js:88:51
    at Request._callback (C:\Users\IBM_ADMIN\Desktop\digitallibrary-masterPRO\node_modules\._nano@6.2.0@nano\lib\nano.js:217:16)
    at Request.self.callback (C:\Users\IBM_ADMIN\Desktop\digitallibrary-masterPRO\node_modules\._request@2.81.0@request\request.js:188:22)
    at emitTwo (events.js:106:13)
    at Request.emit (events.js:191:7)
    at Request.<anonymous> (C:\Users\IBM_ADMIN\Desktop\digitallibrary-masterPRO\node_modules\._request@2.81.0@request\request.js:1171:10)
    at emitOne (events.js:96:13)
    at Request.emit (events.js:188:7)
    at IncomingMessage.<anonymous> (C:\Users\IBM_ADMIN\Desktop\digitallibrary-masterPRO\node_modules\._request@2.81.0@request\request.js:1091:12)
    at IncomingMessage.g (events.js:291:16)
    at emitNone (events.js:91:20)
    at IncomingMessage.emit (events.js:185:7)
    at endReadableNT (_stream_readable.js:974:12)
    at _combinedTickCallback (internal/process/next_tick.js:74:11)
    at process._tickDomainCallback (internal/process/next_tick.js:122:9)
Wed May 10 2017 13:56:38 GMT+0800 (China Standard Time) | /admin/events | {} | TypeError: Cannot read property 'data' of undefined
    at C:\Users\IBM_ADMIN\Desktop\digitallibrary-masterPRO\routes\borrowBook.js:88:51
    at Request._callback (C:\Users\IBM_ADMIN\Desktop\digitallibrary-masterPRO\node_modules\._nano@6.2.0@nano\lib\nano.js:217:16)
    at Request.self.callback (C:\Users\IBM_ADMIN\Desktop\digitallibrary-masterPRO\node_modules\._request@2.81.0@request\request.js:188:22)
    at emitTwo (events.js:106:13)
    at Request.emit (events.js:191:7)
    at Request.<anonymous> (C:\Users\IBM_ADMIN\Desktop\digitallibrary-masterPRO\node_modules\._request@2.81.0@request\request.js:1171:10)
    at emitOne (events.js:96:13)
    at Request.emit (events.js:188:7)
    at IncomingMessage.<anonymous> (C:\Users\IBM_ADMIN\Desktop\digitallibrary-masterPRO\node_modules\._request@2.81.0@request\request.js:1091:12)
    at IncomingMessage.g (events.js:291:16)
    at emitNone (events.js:91:20)
    at IncomingMessage.emit (events.js:185:7)
    at endReadableNT (_stream_readable.js:974:12)
    at _combinedTickCallback (internal/process/next_tick.js:74:11)
    at process._tickDomainCallback (internal/process/next_tick.js:122:9)
Wed May 10 2017 13:56:38 GMT+0800 (China Standard Time) | /admin/events | {} | TypeError: Cannot read property 'data' of undefined
    at C:\Users\IBM_ADMIN\Desktop\digitallibrary-masterPRO\routes\borrowBook.js:88:51
    at Request._callback (C:\Users\IBM_ADMIN\Desktop\digitallibrary-masterPRO\node_modules\._nano@6.2.0@nano\lib\nano.js:217:16)
    at Request.self.callback (C:\Users\IBM_ADMIN\Desktop\digitallibrary-masterPRO\node_modules\._request@2.81.0@request\request.js:188:22)
    at emitTwo (events.js:106:13)
    at Request.emit (events.js:191:7)
    at Request.<anonymous> (C:\Users\IBM_ADMIN\Desktop\digitallibrary-masterPRO\node_modules\._request@2.81.0@request\request.js:1171:10)
    at emitOne (events.js:96:13)
    at Request.emit (events.js:188:7)
    at IncomingMessage.<anonymous> (C:\Users\IBM_ADMIN\Desktop\digitallibrary-masterPRO\node_modules\._request@2.81.0@request\request.js:1091:12)
    at IncomingMessage.g (events.js:291:16)
    at emitNone (events.js:91:20)
    at IncomingMessage.emit (events.js:185:7)
    at endReadableNT (_stream_readable.js:974:12)
    at _combinedTickCallback (internal/process/next_tick.js:74:11)
    at process._tickDomainCallback (internal/process/next_tick.js:122:9)
Wed May 10 2017 13:56:57 GMT+0800 (China Standard Time) | /admin/events | {} | TypeError: Cannot read property 'data' of undefined
    at C:\Users\IBM_ADMIN\Desktop\digitallibrary-masterPRO\routes\borrowBook.js:88:51
    at Request._callback (C:\Users\IBM_ADMIN\Desktop\digitallibrary-masterPRO\node_modules\._nano@6.2.0@nano\lib\nano.js:217:16)
    at Request.self.callback (C:\Users\IBM_ADMIN\Desktop\digitallibrary-masterPRO\node_modules\._request@2.81.0@request\request.js:188:22)
    at emitTwo (events.js:106:13)
    at Request.emit (events.js:191:7)
    at Request.<anonymous> (C:\Users\IBM_ADMIN\Desktop\digitallibrary-masterPRO\node_modules\._request@2.81.0@request\request.js:1171:10)
    at emitOne (events.js:96:13)
    at Request.emit (events.js:188:7)
    at IncomingMessage.<anonymous> (C:\Users\IBM_ADMIN\Desktop\digitallibrary-masterPRO\node_modules\._request@2.81.0@request\request.js:1091:12)
    at IncomingMessage.g (events.js:291:16)
    at emitNone (events.js:91:20)
    at IncomingMessage.emit (events.js:185:7)
    at endReadableNT (_stream_readable.js:974:12)
    at _combinedTickCallback (internal/process/next_tick.js:74:11)
    at process._tickDomainCallback (internal/process/next_tick.js:122:9)
Wed May 10 2017 13:57:02 GMT+0800 (China Standard Time) | /admin/events | {} | TypeError: Cannot read property 'data' of undefined
    at C:\Users\IBM_ADMIN\Desktop\digitallibrary-masterPRO\routes\borrowBook.js:88:51
    at Request._callback (C:\Users\IBM_ADMIN\Desktop\digitallibrary-masterPRO\node_modules\._nano@6.2.0@nano\lib\nano.js:217:16)
    at Request.self.callback (C:\Users\IBM_ADMIN\Desktop\digitallibrary-masterPRO\node_modules\._request@2.81.0@request\request.js:188:22)
    at emitTwo (events.js:106:13)
    at Request.emit (events.js:191:7)
    at Request.<anonymous> (C:\Users\IBM_ADMIN\Desktop\digitallibrary-masterPRO\node_modules\._request@2.81.0@request\request.js:1171:10)
    at emitOne (events.js:96:13)
    at Request.emit (events.js:188:7)
    at IncomingMessage.<anonymous> (C:\Users\IBM_ADMIN\Desktop\digitallibrary-masterPRO\node_modules\._request@2.81.0@request\request.js:1091:12)
    at IncomingMessage.g (events.js:291:16)
    at emitNone (events.js:91:20)
    at IncomingMessage.emit (events.js:185:7)
    at endReadableNT (_stream_readable.js:974:12)
    at _combinedTickCallback (internal/process/next_tick.js:74:11)
    at process._tickDomainCallback (internal/process/next_tick.js:122:9)
Wed May 10 2017 19:58:17 GMT+0800 (China Standard Time) | /admin/events/Backend-001 | {"intrId":"zcdl@cn.ibm.com"} | TypeError: now.getDate is not a function
    at getExpireTime (C:\Users\IBM_ADMIN\Desktop\digitallibrary-masterPRO\routes\borrowBook.js:365:25)
    at C:\Users\IBM_ADMIN\Desktop\digitallibrary-masterPRO\routes\borrowBook.js:153:28
    at Request._callback (C:\Users\IBM_ADMIN\Desktop\digitallibrary-masterPRO\node_modules\._nano@6.2.0@nano\lib\nano.js:217:16)
    at Request.self.callback (C:\Users\IBM_ADMIN\Desktop\digitallibrary-masterPRO\node_modules\._request@2.81.0@request\request.js:188:22)
    at emitTwo (events.js:106:13)
    at Request.emit (events.js:191:7)
    at Request.<anonymous> (C:\Users\IBM_ADMIN\Desktop\digitallibrary-masterPRO\node_modules\._request@2.81.0@request\request.js:1171:10)
    at emitOne (events.js:96:13)
    at Request.emit (events.js:188:7)
    at IncomingMessage.<anonymous> (C:\Users\IBM_ADMIN\Desktop\digitallibrary-masterPRO\node_modules\._request@2.81.0@request\request.js:1091:12)
    at IncomingMessage.g (events.js:291:16)
    at emitNone (events.js:91:20)
    at IncomingMessage.emit (events.js:185:7)
    at endReadableNT (_stream_readable.js:974:12)
    at _combinedTickCallback (internal/process/next_tick.js:74:11)
    at process._tickDomainCallback (internal/process/next_tick.js:122:9)
Wed May 10 2017 21:39:11 GMT+0800 (China Standard Time) | /book/9787111478881/borrow | {"intrID":"dlpfyi@cn.ibm.com"} | ReferenceError: applyTime is not defined
    at C:\Users\IBM_ADMIN\Desktop\digitallibrary-masterPRO\routes\borrowBook.js:36:34
    at Request._callback (C:\Users\IBM_ADMIN\Desktop\digitallibrary-masterPRO\node_modules\._nano@6.2.0@nano\lib\nano.js:217:16)
    at Request.self.callback (C:\Users\IBM_ADMIN\Desktop\digitallibrary-masterPRO\node_modules\._request@2.81.0@request\request.js:188:22)
    at emitTwo (events.js:106:13)
    at Request.emit (events.js:191:7)
    at Request.<anonymous> (C:\Users\IBM_ADMIN\Desktop\digitallibrary-masterPRO\node_modules\._request@2.81.0@request\request.js:1171:10)
    at emitOne (events.js:96:13)
    at Request.emit (events.js:188:7)
    at IncomingMessage.<anonymous> (C:\Users\IBM_ADMIN\Desktop\digitallibrary-masterPRO\node_modules\._request@2.81.0@request\request.js:1091:12)
    at IncomingMessage.g (events.js:291:16)
    at emitNone (events.js:91:20)
    at IncomingMessage.emit (events.js:185:7)
    at endReadableNT (_stream_readable.js:974:12)
    at _combinedTickCallback (internal/process/next_tick.js:74:11)
    at process._tickDomainCallback (internal/process/next_tick.js:122:9)
Wed May 10 2017 22:29:20 GMT+0800 (China Standard Time) | /admin/events/Backend-003 | {"intrId":"dlpfyi@cn.ibm.com"} | TypeError: Cannot read property 'push' of undefined
    at C:\Users\IBM_ADMIN\Desktop\digitallibrary-masterPRO\routes\borrowBook.js:187:62
    at Request._callback (C:\Users\IBM_ADMIN\Desktop\digitallibrary-masterPRO\node_modules\._nano@6.2.0@nano\lib\nano.js:217:16)
    at Request.self.callback (C:\Users\IBM_ADMIN\Desktop\digitallibrary-masterPRO\node_modules\._request@2.81.0@request\request.js:188:22)
    at emitTwo (events.js:106:13)
    at Request.emit (events.js:191:7)
    at Request.<anonymous> (C:\Users\IBM_ADMIN\Desktop\digitallibrary-masterPRO\node_modules\._request@2.81.0@request\request.js:1171:10)
    at emitOne (events.js:96:13)
    at Request.emit (events.js:188:7)
    at IncomingMessage.<anonymous> (C:\Users\IBM_ADMIN\Desktop\digitallibrary-masterPRO\node_modules\._request@2.81.0@request\request.js:1091:12)
    at IncomingMessage.g (events.js:291:16)
    at emitNone (events.js:91:20)
    at IncomingMessage.emit (events.js:185:7)
    at endReadableNT (_stream_readable.js:974:12)
    at _combinedTickCallback (internal/process/next_tick.js:74:11)
    at process._tickDomainCallback (internal/process/next_tick.js:122:9)
Wed May 10 2017 22:37:29 GMT+0800 (China Standard Time) | /admin/events/Others-026 | {"intrId":"dlpfyi@cn.ibm.com"} | TypeError: Cannot read property 'length' of undefined
    at C:\Users\IBM_ADMIN\Desktop\digitallibrary-masterPRO\routes\borrowBook.js:187:65
    at Request._callback (C:\Users\IBM_ADMIN\Desktop\digitallibrary-masterPRO\node_modules\._nano@6.2.0@nano\lib\nano.js:217:16)
    at Request.self.callback (C:\Users\IBM_ADMIN\Desktop\digitallibrary-masterPRO\node_modules\._request@2.81.0@request\request.js:188:22)
    at emitTwo (events.js:106:13)
    at Request.emit (events.js:191:7)
    at Request.<anonymous> (C:\Users\IBM_ADMIN\Desktop\digitallibrary-masterPRO\node_modules\._request@2.81.0@request\request.js:1171:10)
    at emitOne (events.js:96:13)
    at Request.emit (events.js:188:7)
    at IncomingMessage.<anonymous> (C:\Users\IBM_ADMIN\Desktop\digitallibrary-masterPRO\node_modules\._request@2.81.0@request\request.js:1091:12)
    at IncomingMessage.g (events.js:291:16)
    at emitNone (events.js:91:20)
    at IncomingMessage.emit (events.js:185:7)
    at endReadableNT (_stream_readable.js:974:12)
    at _combinedTickCallback (internal/process/next_tick.js:74:11)
    at process._tickDomainCallback (internal/process/next_tick.js:122:9)
Thu May 11 2017 14:02:59 GMT+0800 (China Standard Time) | /admin/events/Others-026 | {"intrId":"dlpfyi@cn.ibm.com"} | ReferenceError: addborrower is not defined
    at C:\Users\IBM_ADMIN\Desktop\digitallibrary-masterPRO\routes\borrowBook.js:217:56
    at Request._callback (C:\Users\IBM_ADMIN\Desktop\digitallibrary-masterPRO\node_modules\._nano@6.2.0@nano\lib\nano.js:217:16)
    at Request.self.callback (C:\Users\IBM_ADMIN\Desktop\digitallibrary-masterPRO\node_modules\._request@2.81.0@request\request.js:188:22)
    at emitTwo (events.js:106:13)
    at Request.emit (events.js:191:7)
    at Request.<anonymous> (C:\Users\IBM_ADMIN\Desktop\digitallibrary-masterPRO\node_modules\._request@2.81.0@request\request.js:1171:10)
    at emitOne (events.js:96:13)
    at Request.emit (events.js:188:7)
    at IncomingMessage.<anonymous> (C:\Users\IBM_ADMIN\Desktop\digitallibrary-masterPRO\node_modules\._request@2.81.0@request\request.js:1091:12)
    at IncomingMessage.g (events.js:291:16)
    at emitNone (events.js:91:20)
    at IncomingMessage.emit (events.js:185:7)
    at endReadableNT (_stream_readable.js:974:12)
    at _combinedTickCallback (internal/process/next_tick.js:74:11)
    at process._tickDomainCallback (internal/process/next_tick.js:122:9)
Thu May 11 2017 14:36:28 GMT+0800 (China Standard Time) | /admin/events/Others-026 | {"intrId":"dlpfyi@cn.ibm.com"} | ReferenceError: addborrower is not defined
    at C:\Users\IBM_ADMIN\Desktop\digitallibrary-masterPRO\routes\borrowBook.js:219:57
    at Request._callback (C:\Users\IBM_ADMIN\Desktop\digitallibrary-masterPRO\node_modules\._nano@6.2.0@nano\lib\nano.js:217:16)
    at Request.self.callback (C:\Users\IBM_ADMIN\Desktop\digitallibrary-masterPRO\node_modules\._request@2.81.0@request\request.js:188:22)
    at emitTwo (events.js:106:13)
    at Request.emit (events.js:191:7)
    at Request.<anonymous> (C:\Users\IBM_ADMIN\Desktop\digitallibrary-masterPRO\node_modules\._request@2.81.0@request\request.js:1171:10)
    at emitOne (events.js:96:13)
    at Request.emit (events.js:188:7)
    at IncomingMessage.<anonymous> (C:\Users\IBM_ADMIN\Desktop\digitallibrary-masterPRO\node_modules\._request@2.81.0@request\request.js:1091:12)
    at IncomingMessage.g (events.js:291:16)
    at emitNone (events.js:91:20)
    at IncomingMessage.emit (events.js:185:7)
    at endReadableNT (_stream_readable.js:974:12)
    at _combinedTickCallback (internal/process/next_tick.js:74:11)
    at process._tickDomainCallback (internal/process/next_tick.js:122:9)
Fri May 19 2017 16:10:44 GMT+0800 (China Standard Time) | /book/9787539999548/like | {"intrID":"zcdl@cn.ibm.com","ifYou":false} | TypeError: Cannot read property 'length' of undefined
    at C:\Users\IBM_ADMIN\Desktop\digitallibrary-masterPRO\routes\userBook.js:370:52
    at Request._callback (C:\Users\IBM_ADMIN\Desktop\digitallibrary-masterPRO\node_modules\._nano@6.2.0@nano\lib\nano.js:217:16)
    at Request.self.callback (C:\Users\IBM_ADMIN\Desktop\digitallibrary-masterPRO\node_modules\._request@2.81.0@request\request.js:188:22)
    at emitTwo (events.js:106:13)
    at Request.emit (events.js:191:7)
    at Request.<anonymous> (C:\Users\IBM_ADMIN\Desktop\digitallibrary-masterPRO\node_modules\._request@2.81.0@request\request.js:1171:10)
    at emitOne (events.js:96:13)
    at Request.emit (events.js:188:7)
    at IncomingMessage.<anonymous> (C:\Users\IBM_ADMIN\Desktop\digitallibrary-masterPRO\node_modules\._request@2.81.0@request\request.js:1091:12)
    at IncomingMessage.g (events.js:291:16)
    at emitNone (events.js:91:20)
    at IncomingMessage.emit (events.js:185:7)
    at endReadableNT (_stream_readable.js:974:12)
    at _combinedTickCallback (internal/process/next_tick.js:74:11)
    at process._tickDomainCallback (internal/process/next_tick.js:122:9)
Fri May 19 2017 16:35:21 GMT+0800 (China Standard Time) | /book/9787539999548/like | {"intrID":"zcdl@cn.ibm.com","ifYou":false} | TypeError: Cannot read property 'length' of undefined
    at C:\Users\IBM_ADMIN\Desktop\digitallibrary-masterPRO\routes\userBook.js:368:52
    at Request._callback (C:\Users\IBM_ADMIN\Desktop\digitallibrary-masterPRO\node_modules\._nano@6.2.0@nano\lib\nano.js:217:16)
    at Request.self.callback (C:\Users\IBM_ADMIN\Desktop\digitallibrary-masterPRO\node_modules\._request@2.81.0@request\request.js:188:22)
    at emitTwo (events.js:106:13)
    at Request.emit (events.js:191:7)
    at Request.<anonymous> (C:\Users\IBM_ADMIN\Desktop\digitallibrary-masterPRO\node_modules\._request@2.81.0@request\request.js:1171:10)
    at emitOne (events.js:96:13)
    at Request.emit (events.js:188:7)
    at IncomingMessage.<anonymous> (C:\Users\IBM_ADMIN\Desktop\digitallibrary-masterPRO\node_modules\._request@2.81.0@request\request.js:1091:12)
    at IncomingMessage.g (events.js:291:16)
    at emitNone (events.js:91:20)
    at IncomingMessage.emit (events.js:185:7)
    at endReadableNT (_stream_readable.js:974:12)
    at _combinedTickCallback (internal/process/next_tick.js:74:11)
    at process._tickDomainCallback (internal/process/next_tick.js:122:9)
Fri May 19 2017 16:40:14 GMT+0800 (China Standard Time) | /book/9787539999548/like | {"intrID":"zcdl@cn.ibm.com","ifYou":false} | TypeError: Cannot read property 'length' of undefined
    at C:\Users\IBM_ADMIN\Desktop\digitallibrary-masterPRO\routes\userBook.js:368:52
    at Request._callback (C:\Users\IBM_ADMIN\Desktop\digitallibrary-masterPRO\node_modules\._nano@6.2.0@nano\lib\nano.js:217:16)
    at Request.self.callback (C:\Users\IBM_ADMIN\Desktop\digitallibrary-masterPRO\node_modules\._request@2.81.0@request\request.js:188:22)
    at emitTwo (events.js:106:13)
    at Request.emit (events.js:191:7)
    at Request.<anonymous> (C:\Users\IBM_ADMIN\Desktop\digitallibrary-masterPRO\node_modules\._request@2.81.0@request\request.js:1171:10)
    at emitOne (events.js:96:13)
    at Request.emit (events.js:188:7)
    at IncomingMessage.<anonymous> (C:\Users\IBM_ADMIN\Desktop\digitallibrary-masterPRO\node_modules\._request@2.81.0@request\request.js:1091:12)
    at IncomingMessage.g (events.js:291:16)
    at emitNone (events.js:91:20)
    at IncomingMessage.emit (events.js:185:7)
    at endReadableNT (_stream_readable.js:974:12)
    at _combinedTickCallback (internal/process/next_tick.js:74:11)
    at process._tickDomainCallback (internal/process/next_tick.js:122:9)
Fri May 19 2017 16:48:00 GMT+0800 (China Standard Time) | /book/9787539999548/like | {"intrID":"zcdl@cn.ibm.com","ifYou":false} | TypeError: Cannot read property 'length' of undefined
    at C:\Users\IBM_ADMIN\Desktop\digitallibrary-masterPRO\routes\userBook.js:368:52
    at Request._callback (C:\Users\IBM_ADMIN\Desktop\digitallibrary-masterPRO\node_modules\._nano@6.2.0@nano\lib\nano.js:217:16)
    at Request.self.callback (C:\Users\IBM_ADMIN\Desktop\digitallibrary-masterPRO\node_modules\._request@2.81.0@request\request.js:188:22)
    at emitTwo (events.js:106:13)
    at Request.emit (events.js:191:7)
    at Request.<anonymous> (C:\Users\IBM_ADMIN\Desktop\digitallibrary-masterPRO\node_modules\._request@2.81.0@request\request.js:1171:10)
    at emitOne (events.js:96:13)
    at Request.emit (events.js:188:7)
    at IncomingMessage.<anonymous> (C:\Users\IBM_ADMIN\Desktop\digitallibrary-masterPRO\node_modules\._request@2.81.0@request\request.js:1091:12)
    at IncomingMessage.g (events.js:291:16)
    at emitNone (events.js:91:20)
    at IncomingMessage.emit (events.js:185:7)
    at endReadableNT (_stream_readable.js:974:12)
    at _combinedTickCallback (internal/process/next_tick.js:74:11)
    at process._tickDomainCallback (internal/process/next_tick.js:122:9)
Wed May 31 2017 16:19:06 GMT+0800 (China Standard Time) | /register | {"intrID":"zcdl@cn.ibm.com","name":"zhangcheng","pwd":"woshizc43","phoneNum":18042692687} | TypeError: db.inser is not a function
    at C:\Users\IBM_ADMIN\Desktop\digitallibrary-masterPRO\routes\user.js:154:14
    at Request._callback (C:\Users\IBM_ADMIN\Desktop\digitallibrary-masterPRO\node_modules\._nano@6.2.0@nano\lib\nano.js:217:16)
    at Request.self.callback (C:\Users\IBM_ADMIN\Desktop\digitallibrary-masterPRO\node_modules\._request@2.81.0@request\request.js:188:22)
    at emitTwo (events.js:106:13)
    at Request.emit (events.js:191:7)
    at Request.<anonymous> (C:\Users\IBM_ADMIN\Desktop\digitallibrary-masterPRO\node_modules\._request@2.81.0@request\request.js:1171:10)
    at emitOne (events.js:96:13)
    at Request.emit (events.js:188:7)
    at IncomingMessage.<anonymous> (C:\Users\IBM_ADMIN\Desktop\digitallibrary-masterPRO\node_modules\._request@2.81.0@request\request.js:1091:12)
    at IncomingMessage.g (events.js:291:16)
    at emitNone (events.js:91:20)
    at IncomingMessage.emit (events.js:185:7)
    at endReadableNT (_stream_readable.js:974:12)
    at _combinedTickCallback (internal/process/next_tick.js:74:11)
    at process._tickDomainCallback (internal/process/next_tick.js:122:9)
Wed May 31 2017 16:20:11 GMT+0800 (China Standard Time) | /register | {"intrID":"zcdl@cn.ibm.com","name":"zhangcheng","pwd":"woshizc43","phoneNum":18042692687} | ReferenceError: newuser is not defined
    at C:\Users\IBM_ADMIN\Desktop\digitallibrary-masterPRO\routes\user.js:163:70
    at Request._callback (C:\Users\IBM_ADMIN\Desktop\digitallibrary-masterPRO\node_modules\._nano@6.2.0@nano\lib\nano.js:217:16)
    at Request.self.callback (C:\Users\IBM_ADMIN\Desktop\digitallibrary-masterPRO\node_modules\._request@2.81.0@request\request.js:188:22)
    at emitTwo (events.js:106:13)
    at Request.emit (events.js:191:7)
    at Request.<anonymous> (C:\Users\IBM_ADMIN\Desktop\digitallibrary-masterPRO\node_modules\._request@2.81.0@request\request.js:1171:10)
    at emitOne (events.js:96:13)
    at Request.emit (events.js:188:7)
    at IncomingMessage.<anonymous> (C:\Users\IBM_ADMIN\Desktop\digitallibrary-masterPRO\node_modules\._request@2.81.0@request\request.js:1091:12)
    at IncomingMessage.g (events.js:291:16)
    at emitNone (events.js:91:20)
    at IncomingMessage.emit (events.js:185:7)
    at endReadableNT (_stream_readable.js:974:12)
    at _combinedTickCallback (internal/process/next_tick.js:74:11)
    at process._tickDomainCallback (internal/process/next_tick.js:122:9)
Wed May 31 2017 16:23:27 GMT+0800 (China Standard Time) | /register | {"intrID":"zcdl@cn.ibm.com","name":"zhangcheng","pwd":"woshizc43","phoneNum":18042692687} | ReferenceError: newuser is not defined
    at C:\Users\IBM_ADMIN\Desktop\digitallibrary-masterPRO\routes\user.js:163:70
    at Request._callback (C:\Users\IBM_ADMIN\Desktop\digitallibrary-masterPRO\node_modules\._nano@6.2.0@nano\lib\nano.js:217:16)
    at Request.self.callback (C:\Users\IBM_ADMIN\Desktop\digitallibrary-masterPRO\node_modules\._request@2.81.0@request\request.js:188:22)
    at emitTwo (events.js:106:13)
    at Request.emit (events.js:191:7)
    at Request.<anonymous> (C:\Users\IBM_ADMIN\Desktop\digitallibrary-masterPRO\node_modules\._request@2.81.0@request\request.js:1171:10)
    at emitOne (events.js:96:13)
    at Request.emit (events.js:188:7)
    at IncomingMessage.<anonymous> (C:\Users\IBM_ADMIN\Desktop\digitallibrary-masterPRO\node_modules\._request@2.81.0@request\request.js:1091:12)
    at IncomingMessage.g (events.js:291:16)
    at emitNone (events.js:91:20)
    at IncomingMessage.emit (events.js:185:7)
    at endReadableNT (_stream_readable.js:974:12)
    at _combinedTickCallback (internal/process/next_tick.js:74:11)
    at process._tickDomainCallback (internal/process/next_tick.js:122:9)
Wed May 31 2017 16:23:37 GMT+0800 (China Standard Time) | /register | {"intrID":"zcdl@cn.ibm.com","name":"zhangcheng","pwd":"woshizc43","phoneNum":18042692687} | ReferenceError: newuser is not defined
    at C:\Users\IBM_ADMIN\Desktop\digitallibrary-masterPRO\routes\user.js:163:70
    at Request._callback (C:\Users\IBM_ADMIN\Desktop\digitallibrary-masterPRO\node_modules\._nano@6.2.0@nano\lib\nano.js:199:16)
    at self.callback (C:\Users\IBM_ADMIN\Desktop\digitallibrary-masterPRO\node_modules\._request@2.81.0@request\request.js:188:22)
    at emitOne (events.js:96:13)
    at Request.emit (events.js:188:7)
    at Request.onRequestError (C:\Users\IBM_ADMIN\Desktop\digitallibrary-masterPRO\node_modules\._request@2.81.0@request\request.js:884:8)
    at emitOne (events.js:96:13)
    at ClientRequest.emit (events.js:188:7)
    at TLSSocket.socketErrorListener (_http_client.js:310:9)
    at emitOne (events.js:96:13)
    at TLSSocket.emit (events.js:188:7)
    at emitErrorNT (net.js:1278:8)
    at _combinedTickCallback (internal/process/next_tick.js:74:11)
    at process._tickDomainCallback (internal/process/next_tick.js:122:9)
Wed May 31 2017 17:32:53 GMT+0800 (China Standard Time) | /intrIDLogin | {"intrID":"zcdl555@cn.ibm.com","pwd":"woshizc43"} | ReferenceError: result is not defined
    at C:\Users\IBM_ADMIN\Desktop\digitallibrary-masterPRO\routes\user.js:284:23
    at Request._callback (C:\Users\IBM_ADMIN\Desktop\digitallibrary-masterPRO\node_modules\._nano@6.2.0@nano\lib\nano.js:217:16)
    at Request.self.callback (C:\Users\IBM_ADMIN\Desktop\digitallibrary-masterPRO\node_modules\._request@2.81.0@request\request.js:188:22)
    at emitTwo (events.js:106:13)
    at Request.emit (events.js:191:7)
    at Request.<anonymous> (C:\Users\IBM_ADMIN\Desktop\digitallibrary-masterPRO\node_modules\._request@2.81.0@request\request.js:1171:10)
    at emitOne (events.js:96:13)
    at Request.emit (events.js:188:7)
    at IncomingMessage.<anonymous> (C:\Users\IBM_ADMIN\Desktop\digitallibrary-masterPRO\node_modules\._request@2.81.0@request\request.js:1091:12)
    at IncomingMessage.g (events.js:291:16)
    at emitNone (events.js:91:20)
    at IncomingMessage.emit (events.js:185:7)
    at endReadableNT (_stream_readable.js:974:12)
    at _combinedTickCallback (internal/process/next_tick.js:74:11)
    at process._tickDomainCallback (internal/process/next_tick.js:122:9)
Tue Jun 27 2017 14:51:10 GMT+0800 (China Standard Time) | /book/004/cancelBorrow | {"intrID":"zcdl@cn.ibm.com"} | ReferenceError: listsDb is not defined
    at C:\Users\IBM_ADMIN\Desktop\digitallibrary-masterPRO\routes\borrowBook.js:558:30
    at Request._callback (C:\Users\IBM_ADMIN\Desktop\digitallibrary-masterPRO\node_modules\._nano@6.2.0@nano\lib\nano.js:199:16)
    at self.callback (C:\Users\IBM_ADMIN\Desktop\digitallibrary-masterPRO\node_modules\._request@2.81.0@request\request.js:188:22)
    at emitOne (events.js:96:13)
    at Request.emit (events.js:188:7)
    at Request.onRequestError (C:\Users\IBM_ADMIN\Desktop\digitallibrary-masterPRO\node_modules\._request@2.81.0@request\request.js:884:8)
    at emitOne (events.js:96:13)
    at ClientRequest.emit (events.js:188:7)
    at TLSSocket.socketErrorListener (_http_client.js:310:9)
    at emitOne (events.js:96:13)
    at TLSSocket.emit (events.js:188:7)
    at emitErrorNT (net.js:1278:8)
    at _combinedTickCallback (internal/process/next_tick.js:74:11)
    at process._tickDomainCallback (internal/process/next_tick.js:122:9)
Mon Jul 03 2017 16:11:13 GMT+0800 (China Standard Time) | /user/logOut | {} | TypeError: Cannot read property 'user_id' of undefined
    at Immediate.<anonymous> (C:\Users\IBM_ADMIN\Desktop\digitallibrary-masterPRO\routes\user.js:218:30)
    at runCallback (timers.js:651:20)
    at tryOnImmediate (timers.js:624:5)
    at processImmediate [as _immediateCallback] (timers.js:596:5)
Mon Jul 03 2017 16:11:23 GMT+0800 (China Standard Time) | /user/logOut | {} | TypeError: Cannot read property 'user_id' of undefined
    at Immediate.<anonymous> (C:\Users\IBM_ADMIN\Desktop\digitallibrary-masterPRO\routes\user.js:218:30)
    at runCallback (timers.js:651:20)
    at tryOnImmediate (timers.js:624:5)
    at processImmediate [as _immediateCallback] (timers.js:596:5)
Mon Jul 03 2017 16:11:26 GMT+0800 (China Standard Time) | /user/logOut | {} | TypeError: Cannot read property 'user_id' of undefined
    at Immediate.<anonymous> (C:\Users\IBM_ADMIN\Desktop\digitallibrary-masterPRO\routes\user.js:218:30)
    at runCallback (timers.js:651:20)
    at tryOnImmediate (timers.js:624:5)
    at processImmediate [as _immediateCallback] (timers.js:596:5)
